
 ⛅️ wrangler 4.59.2 (update available 4.83.0)
─────────────────────────────────────────────
Attaching additional modules:
┌────────────────────────────────────────────────┬──────┬─────────────┐
│ Name                                           │ Type │ Size        │
├────────────────────────────────────────────────┼──────┼─────────────┤
│ chunks/astro/server_B1xhkwU4.mjs               │ esm  │ 247.64 KiB  │
├────────────────────────────────────────────────┼──────┼─────────────┤
│ chunks/astro-designed-error-pages_CfeL8Oys.mjs │ esm  │ 44.50 KiB   │
├────────────────────────────────────────────────┼──────┼─────────────┤
│ chunks/cloudflare-kv-binding_DMly_2Gl.mjs      │ esm  │ 2.94 KiB    │
├────────────────────────────────────────────────┼──────┼─────────────┤
│ chunks/HeaderEN_Dv3OtjOv.mjs                   │ esm  │ 3.26 KiB    │
├────────────────────────────────────────────────┼──────┼─────────────┤
│ chunks/Header_Cbw9upSo.mjs                     │ esm  │ 3.24 KiB    │
├────────────────────────────────────────────────┼──────┼─────────────┤
│ chunks/image-endpoint_BRRLhK2u.mjs             │ esm  │ 69.71 KiB   │
├────────────────────────────────────────────────┼──────┼─────────────┤
│ chunks/index_Dtq64N-W.mjs                      │ esm  │ 12.26 KiB   │
├────────────────────────────────────────────────┼──────┼─────────────┤
│ chunks/index_r4zl1XIS.mjs                      │ esm  │ 105.36 KiB  │
├────────────────────────────────────────────────┼──────┼─────────────┤
│ chunks/noop-middleware_BaLXJZBw.mjs            │ esm  │ 0.33 KiB    │
├────────────────────────────────────────────────┼──────┼─────────────┤
│ chunks/path_CH3auf61.mjs                       │ esm  │ 3.01 KiB    │
├────────────────────────────────────────────────┼──────┼─────────────┤
│ chunks/remote_CrdlObHx.mjs                     │ esm  │ 2.21 KiB    │
├────────────────────────────────────────────────┼──────┼─────────────┤
│ chunks/sharp_DNsQqcoz.mjs                      │ esm  │ 3.12 KiB    │
├────────────────────────────────────────────────┼──────┼─────────────┤
│ chunks/site_2kCWPy7p.mjs                       │ esm  │ 161.11 KiB  │
├────────────────────────────────────────────────┼──────┼─────────────┤
│ chunks/UnifiedSimplePage_Cd9LUuIB.mjs          │ esm  │ 7.69 KiB    │
├────────────────────────────────────────────────┼──────┼─────────────┤
│ chunks/_@astrojs-ssr-adapter_ButDEfoo.mjs      │ esm  │ 38.62 KiB   │
├────────────────────────────────────────────────┼──────┼─────────────┤
│ manifest_cNEcEXGr.mjs                          │ esm  │ 34.56 KiB   │
├────────────────────────────────────────────────┼──────┼─────────────┤
│ noop-entrypoint.mjs                            │ esm  │ 0.09 KiB    │
├────────────────────────────────────────────────┼──────┼─────────────┤
│ pages/api/keystatic/_---params_.astro.mjs      │ esm  │ 414.20 KiB  │
├────────────────────────────────────────────────┼──────┼─────────────┤
│ pages/en/about.astro.mjs                       │ esm  │ 1.83 KiB    │
├────────────────────────────────────────────────┼──────┼─────────────┤
│ pages/en/contact.astro.mjs                     │ esm  │ 1.84 KiB    │
├────────────────────────────────────────────────┼──────┼─────────────┤
│ pages/en/finance-solutions.astro.mjs           │ esm  │ 2.22 KiB    │
├────────────────────────────────────────────────┼──────┼─────────────┤
│ pages/en/finance.astro.mjs                     │ esm  │ 2.18 KiB    │
├────────────────────────────────────────────────┼──────┼─────────────┤
│ pages/en/products.astro.mjs                    │ esm  │ 2.19 KiB    │
├────────────────────────────────────────────────┼──────┼─────────────┤
│ pages/en/solutions.astro.mjs                   │ esm  │ 1.86 KiB    │
├────────────────────────────────────────────────┼──────┼─────────────┤
│ pages/en.astro.mjs                             │ esm  │ 9.63 KiB    │
├────────────────────────────────────────────────┼──────┼─────────────┤
│ pages/index.astro.mjs                          │ esm  │ 0.82 KiB    │
├────────────────────────────────────────────────┼──────┼─────────────┤
│ pages/keystatic/_---params_.astro.mjs          │ esm  │ 1.25 KiB    │
├────────────────────────────────────────────────┼──────┼─────────────┤
│ pages/zh/about.astro.mjs                       │ esm  │ 1.84 KiB    │
├────────────────────────────────────────────────┼──────┼─────────────┤
│ pages/zh/contact.astro.mjs                     │ esm  │ 1.87 KiB    │
├────────────────────────────────────────────────┼──────┼─────────────┤
│ pages/zh/finance-solutions.astro.mjs           │ esm  │ 2.25 KiB    │
├────────────────────────────────────────────────┼──────┼─────────────┤
│ pages/zh/finance.astro.mjs                     │ esm  │ 2.21 KiB    │
├────────────────────────────────────────────────┼──────┼─────────────┤
│ pages/zh/products.astro.mjs                    │ esm  │ 2.21 KiB    │
├────────────────────────────────────────────────┼──────┼─────────────┤
│ pages/zh/solutions.astro.mjs                   │ esm  │ 1.86 KiB    │
├────────────────────────────────────────────────┼──────┼─────────────┤
│ pages/zh.astro.mjs                             │ esm  │ 9.64 KiB    │
├────────────────────────────────────────────────┼──────┼─────────────┤
│ pages/_image.astro.mjs                         │ esm  │ 0.17 KiB    │
├────────────────────────────────────────────────┼──────┼─────────────┤
│ renderers.mjs                                  │ esm  │ 539.96 KiB  │
├────────────────────────────────────────────────┼──────┼─────────────┤
│ _@astrojs-ssr-adapter.mjs                      │ esm  │ 0.14 KiB    │
├────────────────────────────────────────────────┼──────┼─────────────┤
│ _astro-internal_middleware.mjs                 │ esm  │ 1.16 KiB    │
├────────────────────────────────────────────────┼──────┼─────────────┤
│ Total (38 modules)                             │      │ 1740.97 KiB │
└────────────────────────────────────────────────┴──────┴─────────────┘
✨ Compiled Worker successfully
✨ Parsed 1 valid header rule.

